[debug] > Exec(early(addDefaultCommands), None, None)
[debug] > Exec(addDefaultCommands, None, None)
[debug] > Exec(early(initialize), None, None)
[debug] > Exec(initialize, None, None)
[debug] > Exec(boot, None, None)
[debug] > Exec(writeSbtVersion, None, None)
[debug] > Exec(reload, None, None)
[debug] > Exec(sbtStashOnFailure, None, None)
[debug] > Exec(onFailure loadFailed, None, None)
[debug] > Exec(loadp, None, None)
[info] welcome to sbt 1.8.2 (Private Build Java 1.8.0_362)
[debug]       Load.loadUnit: plugins took 335.908673ms
[debug]       Load.loadUnit: defsScala took 0.470116ms
[debug] [Loading] Scanning directory /home/ubuntu/.sbt/1.0/plugins
[debug] [Loading] Found non-root projects 
[debug] [Loading] Done in /home/ubuntu/.sbt/1.0/plugins, returning: ()
[debug] deducing auto plugins based on known facts Set(Atom(sbt.plugins.CorePlugin)) and clauses Clauses(Clause(Atom(sbt.plugins.JvmPlugin),Set(Atom(sbt.plugins.IvyPlugin)))
[debug] Clause(Atom(sbt.ScriptedPlugin),Set(Atom(sbt.plugins.JvmPlugin)))
[debug] Clause(Atom(sbt.plugins.SbtPlugin),Set(Atom(sbt.ScriptedPlugin)))
[debug] Clause(Atom(sbt.plugins.SemanticdbPlugin),Set(Atom(sbt.plugins.JvmPlugin)))
[debug] Clause(Atom(sbt.plugins.JUnitXmlReportPlugin),Set(Atom(sbt.plugins.JvmPlugin)))
[debug] Clause(Atom(sbt.plugins.MiniDependencyTreePlugin),Set(Atom(sbt.plugins.JvmPlugin)))
[debug] Clause(Atom(sbt.plugins.CorePlugin),Set(Atom(sbt.plugins.IvyPlugin)))
[debug] Clause(Atom(sbt.plugins.IvyPlugin),Set(Atom(sbt.plugins.JvmPlugin)))
[debug] Clause(Atom(sbt.plugins.JvmPlugin),Set(Atom(sbt.plugins.SemanticdbPlugin)))
[debug] Clause(Atom(sbt.plugins.JvmPlugin),Set(Atom(sbt.plugins.JUnitXmlReportPlugin)))
[debug] Clause(Atom(sbt.plugins.CorePlugin),Set(Atom(sbt.plugins.Giter8TemplatePlugin)))
[debug] Clause(Atom(sbt.plugins.JvmPlugin),Set(Atom(sbt.plugins.MiniDependencyTreePlugin))))
[debug]   :: deduced result: Matched(sbt.plugins.CorePlugin,sbt.plugins.Giter8TemplatePlugin,sbt.plugins.IvyPlugin,sbt.plugins.JvmPlugin,sbt.plugins.MiniDependencyTreePlugin,sbt.plugins.JUnitXmlReportPlugin,sbt.plugins.SemanticdbPlugin)
[debug] Plugins.deducer#function took 31.892796 ms
[debug]           Load.resolveProject(global-plugins) took 148.609208ms
[debug]         Load.loadTransitive: finalizeProject(Project(id global-plugins, base: /home/ubuntu/.sbt/1.0/plugins, plugins: List(<none>))) took 241.188914ms
[debug] [Loading] Done in /home/ubuntu/.sbt/1.0/plugins, returning: (global-plugins)
[debug]       Load.loadUnit: loadedProjectsRaw took 292.455069ms
[debug]       Load.loadUnit: cleanEvalClasses took 0.550325ms
[debug]     Load.loadUnit(file:/home/ubuntu/.sbt/1.0/plugins/, ...) took 656.891501ms
[debug]   Load.apply: load took 1667.849056ms
[debug]   Load.apply: resolveProjects took 58.736755ms
[debug]   Load.apply: finalTransforms took 266.290222ms
[debug]   Load.apply: config.delegates took 23.544414ms
[debug]   Load.apply: Def.make(settings)... took 1327.017417ms
[debug]   Load.apply: structureIndex took 226.394518ms
[debug]   Load.apply: mkStreams took 2.201488ms
[info] loading global plugins from /home/ubuntu/.sbt/1.0/plugins
[debug] Running task... Cancel: Signal, check cycles: false, forcegc: true
[debug] Load.defaultLoad until apply took 6428.209851ms
[debug]           Load.loadUnit: plugins took 30.952529ms
[debug]           Load.loadUnit: defsScala took 0.005555ms
[debug] [Loading] Scanning directory /home/ubuntu/Datamozart/datamozart_backup/spark_work/project
[debug] [Loading] Found non-root projects 
[debug] [Loading] Done in /home/ubuntu/Datamozart/datamozart_backup/spark_work/project, returning: ()
[debug] deducing auto plugins based on known facts Set(Atom(sbt.plugins.CorePlugin)) and clauses Clauses(Clause(Atom(sbt.plugins.JvmPlugin),Set(Atom(sbt.plugins.IvyPlugin)))
[debug] Clause(Atom(sbt.ScriptedPlugin),Set(Atom(sbt.plugins.JvmPlugin)))
[debug] Clause(Atom(sbt.plugins.SbtPlugin),Set(Atom(sbt.ScriptedPlugin)))
[debug] Clause(Atom(sbt.plugins.SemanticdbPlugin),Set(Atom(sbt.plugins.JvmPlugin)))
[debug] Clause(Atom(sbt.plugins.JUnitXmlReportPlugin),Set(Atom(sbt.plugins.JvmPlugin)))
[debug] Clause(Atom(sbt.plugins.MiniDependencyTreePlugin),Set(Atom(sbt.plugins.JvmPlugin)))
[debug] Clause(Atom(sbt.plugins.CorePlugin),Set(Atom(sbt.plugins.IvyPlugin)))
[debug] Clause(Atom(sbt.plugins.IvyPlugin),Set(Atom(sbt.plugins.JvmPlugin)))
[debug] Clause(Atom(sbt.plugins.JvmPlugin),Set(Atom(sbt.plugins.SemanticdbPlugin)))
[debug] Clause(Atom(sbt.plugins.JvmPlugin),Set(Atom(sbt.plugins.JUnitXmlReportPlugin)))
[debug] Clause(Atom(sbt.plugins.CorePlugin),Set(Atom(sbt.plugins.Giter8TemplatePlugin)))
[debug] Clause(Atom(sbt.plugins.JvmPlugin),Set(Atom(sbt.plugins.MiniDependencyTreePlugin))))
[debug]   :: deduced result: Matched(sbt.plugins.CorePlugin,sbt.plugins.Giter8TemplatePlugin,sbt.plugins.IvyPlugin,sbt.plugins.JvmPlugin,sbt.plugins.MiniDependencyTreePlugin,sbt.plugins.JUnitXmlReportPlugin,sbt.plugins.SemanticdbPlugin)
[debug] Plugins.deducer#function took 3.950692 ms
[debug]               Load.resolveProject(spark_work-build) took 1.617862ms
[debug]             Load.loadTransitive: finalizeProject(Project(id spark_work-build, base: /home/ubuntu/Datamozart/datamozart_backup/spark_work/project, plugins: List(<none>))) took 6.356945ms
[debug] [Loading] Done in /home/ubuntu/Datamozart/datamozart_backup/spark_work/project, returning: (spark_work-build)
[debug]           Load.loadUnit: loadedProjectsRaw took 8.796602ms
[debug]           Load.loadUnit: cleanEvalClasses took 0.011184ms
[debug]         Load.loadUnit(file:/home/ubuntu/Datamozart/datamozart_backup/spark_work/project/, ...) took 40.695658ms
[debug]       Load.apply: load took 42.691496ms
[debug]       Load.apply: resolveProjects took 0.364485ms
[debug]       Load.apply: finalTransforms took 14.648271ms
[debug]       Load.apply: config.delegates took 0.746745ms
[debug]       Load.apply: Def.make(settings)... took 200.045901ms
[debug]       Load.apply: structureIndex took 59.877387ms
[debug]       Load.apply: mkStreams took 0.006145ms
[info] loading project definition from /home/ubuntu/Datamozart/datamozart_backup/spark_work/project
[debug] Running task... Cancel: Signal, check cycles: false, forcegc: true
[debug]     Load.loadUnit: plugins took 1507.739063ms
[debug]     Load.loadUnit: defsScala took 0.004808ms
[debug] [Loading] Scanning directory /home/ubuntu/Datamozart/datamozart_backup/spark_work
[debug]       Load.loadUnit: mkEval took 19.036078ms
[debug] [Loading] Found root project root w/ remaining 
[debug] deducing auto plugins based on known facts Set(Atom(sbt.plugins.CorePlugin)) and clauses Clauses(Clause(Atom(sbt.plugins.JvmPlugin),Set(Atom(sbt.plugins.IvyPlugin)))
[debug] Clause(Atom(sbt.ScriptedPlugin),Set(Atom(sbt.plugins.JvmPlugin)))
[debug] Clause(Atom(sbt.plugins.SbtPlugin),Set(Atom(sbt.ScriptedPlugin)))
[debug] Clause(Atom(sbt.plugins.SemanticdbPlugin),Set(Atom(sbt.plugins.JvmPlugin)))
[debug] Clause(Atom(sbt.plugins.JUnitXmlReportPlugin),Set(Atom(sbt.plugins.JvmPlugin)))
[debug] Clause(Atom(sbt.plugins.MiniDependencyTreePlugin),Set(Atom(sbt.plugins.JvmPlugin)))
[debug] Clause(Atom(sbt.plugins.CorePlugin),Set(Atom(sbt.plugins.IvyPlugin)))
[debug] Clause(Atom(sbt.plugins.IvyPlugin),Set(Atom(sbt.plugins.JvmPlugin)))
[debug] Clause(Atom(sbt.plugins.JvmPlugin),Set(Atom(sbt.plugins.SemanticdbPlugin)))
[debug] Clause(Atom(sbt.plugins.JvmPlugin),Set(Atom(sbt.plugins.JUnitXmlReportPlugin)))
[debug] Clause(Atom(sbt.plugins.CorePlugin),Set(Atom(sbt.plugins.Giter8TemplatePlugin)))
[debug] Clause(Atom(sbt.plugins.JvmPlugin),Set(Atom(sbt.plugins.MiniDependencyTreePlugin))))
[debug]   :: deduced result: Matched(sbt.plugins.CorePlugin,sbt.plugins.Giter8TemplatePlugin,sbt.plugins.IvyPlugin,sbt.plugins.JvmPlugin,sbt.plugins.MiniDependencyTreePlugin,sbt.plugins.JUnitXmlReportPlugin,sbt.plugins.SemanticdbPlugin)
[debug] Plugins.deducer#function took 3.274945 ms
[info] loading settings for project root from build.sbt ...
[debug]         Load.resolveProject(root) took 3.644536ms
[debug]       Load.loadTransitive: finalizeProject(Project(id root, base: /home/ubuntu/Datamozart/datamozart_backup/spark_work, plugins: List(<none>))) took 8.414773ms
[debug] [Loading] Done in /home/ubuntu/Datamozart/datamozart_backup/spark_work, returning: (root)
[debug]     Load.loadUnit: loadedProjectsRaw took 5178.888482ms
[debug]     Load.loadUnit: cleanEvalClasses took 7.949349ms
[debug]   Load.loadUnit(file:/home/ubuntu/Datamozart/datamozart_backup/spark_work/, ...) took 6695.695117ms
[debug] Load.apply: load took 6699.595863ms
[debug] Load.apply: resolveProjects took 0.133308ms
[debug] Load.apply: finalTransforms took 12.664344ms
[debug] Load.apply: config.delegates took 0.548194ms
[debug] Load.apply: Def.make(settings)... took 213.451301ms
[debug] Load.apply: structureIndex took 79.622378ms
[debug] Load.apply: mkStreams took 0.003238ms
[info] set current project to spark_work (in build file:/home/ubuntu/Datamozart/datamozart_backup/spark_work/)
[debug] > Exec(sbtPopOnFailure, None, None)
[debug] > Exec(resumeFromFailure, None, None)
[debug] > Exec(notifyUsersAboutShell, None, None)
[debug] > Exec(iflast shell, None, None)
[debug] > Exec(shell, None, None)
[info] sbt server started at local:///home/ubuntu/.sbt/1.0/server/b986087427108b202a1e/sock
[debug] Writing bsp connection file
[info] started sbt server
